<?xml version="1.0" encoding="UTF-8"?>
<!-- Generated by org.testng.reporters.JUnitReportReporter -->
<testsuite hostname="MohanKumar" failures="0" tests="2" name="testng.annotations.C3" time="0.002" errors="0" timestamp="2024-07-06T19:13:03 IST" skipped="0">
  <testcase classname="testng.annotations.C3" name="pqr" time="0.001"/>
  <testcase classname="testng.annotations.C3" name="pqr" time="0.001"/>
</testsuite> <!-- testng.annotations.C3 -->
