<?xml version="1.0" encoding="UTF-8"?>
<!-- Generated by org.testng.reporters.JUnitReportReporter -->
<testsuite hostname="MohanKumar" failures="0" tests="3" name="testng.annotations.AllAnnotations" time="0.009" errors="0" timestamp="2024-07-06T19:18:07 IST" skipped="0">
  <testcase classname="testng.annotations.AllAnnotations" name="abc" time="0.006"/>
  <testcase classname="testng.annotations.AllAnnotations" name="xyz" time="0.002"/>
  <testcase classname="testng.annotations.AllAnnotations" name="pqr" time="0.001"/>
</testsuite> <!-- testng.annotations.AllAnnotations -->
