<?xml version="1.0" encoding="UTF-8"?>
<!-- Generated by org.testng.reporters.JUnitReportReporter -->
<testsuite hostname="MohanKumar" failures="0" tests="3" name="testng.dependencymethods.LoginTests" time="0.011" errors="0" timestamp="2024-07-06T20:59:24 IST" skipped="0">
  <testcase classname="testng.dependencymethods.LoginTests" name="loginByEmail" time="0.008"/>
  <testcase classname="testng.dependencymethods.LoginTests" name="loginByFaceBook" time="0.002"/>
  <testcase classname="testng.dependencymethods.LoginTests" name="loginByTwitter" time="0.001"/>
</testsuite> <!-- testng.dependencymethods.LoginTests -->
