<?xml version="1.0" encoding="UTF-8"?>
<!-- Generated by org.testng.reporters.JUnitReportReporter -->
<testsuite hostname="MohanKumar" failures="0" tests="2" name="testng.dependencymethods.PaymentTest" time="0.003" errors="0" timestamp="2024-07-06T20:59:24 IST" skipped="0">
  <testcase classname="testng.dependencymethods.PaymentTest" name="paymentInRupees" time="0.001"/>
  <testcase classname="testng.dependencymethods.PaymentTest" name="paymentInDollers" time="0.002"/>
</testsuite> <!-- testng.dependencymethods.PaymentTest -->
