<?xml version="1.0" encoding="UTF-8"?>
<!-- Generated by org.testng.reporters.JUnitReportReporter -->
<testsuite hostname="MohanKumar" failures="0" tests="4" name="testng.firstcase.OrangeHRMTest" time="12.056" errors="0" timestamp="2024-07-14T01:44:30 IST" skipped="0">
  <testcase classname="testng.firstcase.OrangeHRMTest" name="openBrowser" time="5.690"/>
  <testcase classname="testng.firstcase.OrangeHRMTest" name="testLogo" time="3.067"/>
  <testcase classname="testng.firstcase.OrangeHRMTest" name="login" time="3.222"/>
  <testcase classname="testng.firstcase.OrangeHRMTest" name="closeBrowser" time="0.077"/>
</testsuite> <!-- testng.firstcase.OrangeHRMTest -->
