<?xml version="1.0" encoding="UTF-8"?>
<!-- Generated by org.testng.reporters.JUnitReportReporter -->
<testsuite hostname="MohanKumar" failures="0" tests="1" name="testng.pageobjectmodel.LoginTest2" time="0.821" errors="0" timestamp="2024-07-21T13:20:35 IST" skipped="0">
  <testcase classname="testng.pageobjectmodel.LoginTest2" name="testLogin" time="0.821"/>
</testsuite> <!-- testng.pageobjectmodel.LoginTest2 -->
