<?xml version="1.0" encoding="UTF-8"?>
<!-- Generated by org.testng.reporters.JUnitReportReporter -->
<testsuite hostname="MohanKumar" failures="0" tests="1" name="testng.dataprovider.DataProviderDemo" time="3.436" errors="0" timestamp="2024-07-13T23:52:42 IST" skipped="0">
  <testcase classname="testng.dataprovider.DataProviderDemo" name="testLogin" time="3.436"/>
</testsuite> <!-- testng.dataprovider.DataProviderDemo -->
