<?xml version="1.0" encoding="UTF-8"?>
<!-- Generated by org.testng.reporters.JUnitReportReporter -->
<testsuite hostname="MohanKumar" failures="0" tests="4" name="testng.firstcase.OrangeHRMTest" time="24.547" errors="0" timestamp="2024-06-29T23:44:20 IST" skipped="0">
  <testcase classname="testng.firstcase.OrangeHRMTest" name="openBrowser" time="17.729"/>
  <testcase classname="testng.firstcase.OrangeHRMTest" name="testLogo" time="3.127"/>
  <testcase classname="testng.firstcase.OrangeHRMTest" name="login" time="3.576"/>
  <testcase classname="testng.firstcase.OrangeHRMTest" name="closeBrowser" time="0.115"/>
</testsuite> <!-- testng.firstcase.OrangeHRMTest -->
