<?xml version="1.0" encoding="UTF-8"?>
<!-- Generated by org.testng.reporters.JUnitReportReporter -->
<testsuite hostname="MohanKumar" failures="0" tests="3" name="testng.firstcase.FirstTestCase" time="0.013" errors="0" timestamp="2024-06-29T23:46:54 IST" skipped="0">
  <testcase classname="testng.firstcase.FirstTestCase" name="openApp" time="0.009"/>
  <testcase classname="testng.firstcase.FirstTestCase" name="login" time="0.002"/>
  <testcase classname="testng.firstcase.FirstTestCase" name="logOut" time="0.002"/>
</testsuite> <!-- testng.firstcase.FirstTestCase -->
